Using pre-set license
Built from '2020.3/staging' branch; Version is '2020.3.0f1 (c7b5465681fb) revision 13088070'; Using compiler version '192528614'; Build Type 'Release'
OS: 'Windows 10 Home; OS build 19042.867; Version 2009; 64bit' Language: 'en' Physical Memory: 16198 MB
BatchMode: 1, IsHumanControllingUs: 0, StartBugReporterOnCrash: 0, Is64bit: 1, IsPro: 0

 COMMAND LINE ARGUMENTS:
C:\Program Files\Unity\Hub\Editor\2020.3.0f1\Editor\Unity.exe
-adb2
-batchMode
-noUpm
-name
AssetImportWorker0
-projectPath
C:/Users/georg/Documents/GitHub/game-game/Crossy-Road
-logFile
Logs/AssetImportWorker0.log
-srvPort
58976
Successfully changed project path to: C:/Users/georg/Documents/GitHub/game-game/Crossy-Road
C:/Users/georg/Documents/GitHub/game-game/Crossy-Road
Using Asset Import Pipeline V2.
Refreshing native plugins compatible for Editor in 29.88 ms, found 0 plugins.
Preloading 0 native plugins for Editor in 0.00 ms.
Initialize engine version: 2020.3.0f1 (c7b5465681fb)
[Subsystems] Discovering subsystems at path C:/Program Files/Unity/Hub/Editor/2020.3.0f1/Editor/Data/Resources/UnitySubsystems
[Subsystems] Discovering subsystems at path C:/Users/georg/Documents/GitHub/game-game/Crossy-Road/Assets
GfxDevice: creating device client; threaded=0
Direct3D:
    Version:  Direct3D 11.0 [level 11.1]
    Renderer: NVIDIA GeForce MX150 (ID=0x1d12)
    Vendor:   
    VRAM:     1983 MB
    Driver:   27.21.14.5763
Initialize mono
Mono path[0] = 'C:/Program Files/Unity/Hub/Editor/2020.3.0f1/Editor/Data/Managed'
Mono path[1] = 'C:/Program Files/Unity/Hub/Editor/2020.3.0f1/Editor/Data/MonoBleedingEdge/lib/mono/unityjit'
Mono config path = 'C:/Program Files/Unity/Hub/Editor/2020.3.0f1/Editor/Data/MonoBleedingEdge/etc'
Using monoOptions --debugger-agent=transport=dt_socket,embedding=1,server=y,suspend=n,address=127.0.0.1:56584
Begin MonoManager ReloadAssembly
Registering precompiled unity dll's ...
Register platform support module: C:/Program Files/Unity/Hub/Editor/2020.3.0f1/Editor/Data/PlaybackEngines/WindowsStandaloneSupport/UnityEditor.WindowsStandalone.Extensions.dll
Registered in 0.004964 seconds.
Native extension for WindowsStandalone target not found
Refreshing native plugins compatible for Editor in 38.16 ms, found 0 plugins.
Preloading 0 native plugins for Editor in 0.00 ms.
Invoked RoslynAnalysisRunner static constructor.
RoslynAnalysisRunner will not be running.
RoslynAnalysisRunner has terminated.
Mono: successfully reloaded assembly
- Completed reload, in  1.762 seconds
Platform modules already initialized, skipping
Registering precompiled user dll's ...
Registered in 0.001147 seconds.
Begin MonoManager ReloadAssembly
Native extension for WindowsStandalone target not found
Refreshing native plugins compatible for Editor in 0.27 ms, found 0 plugins.
Preloading 0 native plugins for Editor in 0.00 ms.
Invoked RoslynAnalysisRunner static constructor.
RoslynAnalysisRunner will not be running.
RoslynAnalysisRunner has terminated.
Mono: successfully reloaded assembly
- Completed reload, in  1.327 seconds
Platform modules already initialized, skipping
========================================================================
Worker process is ready to serve import requests
Launched and connected shader compiler UnityShaderCompiler.exe after 0.09 seconds
Refreshing native plugins compatible for Editor in 0.28 ms, found 0 plugins.
Preloading 0 native plugins for Editor in 0.00 ms.
Unloading 1120 Unused Serialized files (Serialized files now loaded: 0)
System memory in use before: 57.3 MB.
System memory in use after: 57.3 MB.

Unloading 10 unused Assets to reduce memory usage. Loaded Objects now: 1563.
Total: 5.640800 ms (FindLiveObjects: 0.322000 ms CreateObjectMapping: 0.282600 ms MarkObjects: 4.859200 ms  DeleteObjects: 0.174500 ms)

========================================================================
Received Import Request.
  path: Assets/Prefabs/Player.prefab
  artifactKey: Guid(8dea9508006887640aef52d6f391ee78) Importer(815301076,1909f56bfc062723c751e8b465ee728b)
Start importing Assets/Prefabs/Player.prefab using Guid(8dea9508006887640aef52d6f391ee78) Importer(815301076,1909f56bfc062723c751e8b465ee728b)  -> (artifact id: 'f509b99c2fb4d4670785700e15d57a2f') in 0.260048 seconds
  Import took 0.264801 seconds .

========================================================================
Received Import Request.
  Time since last request: 0.000384 seconds.
  path: Assets/Prefabs/Car.prefab
  artifactKey: Guid(56a8a5b804c33aa4c851fa491cf20c75) Importer(815301076,1909f56bfc062723c751e8b465ee728b)
Start importing Assets/Prefabs/Car.prefab using Guid(56a8a5b804c33aa4c851fa491cf20c75) Importer(815301076,1909f56bfc062723c751e8b465ee728b)  -> (artifact id: 'd52a159b2788689f428e7817115ae52b') in 0.021629 seconds
  Import took 0.025020 seconds .

========================================================================
Received Import Request.
  Time since last request: 50.652158 seconds.
  path: Assets/Scenes/SampleScene.unity
  artifactKey: Guid(9fc0d4010bbf28b4594072e72b8655ab) Importer(815301076,1909f56bfc062723c751e8b465ee728b)
Start importing Assets/Scenes/SampleScene.unity using Guid(9fc0d4010bbf28b4594072e72b8655ab) Importer(815301076,1909f56bfc062723c751e8b465ee728b)  -> (artifact id: '5b42b1c237a21ef91d582b7dc5e4564f') in 0.011190 seconds
  Import took 0.015901 seconds .

========================================================================
Received Import Request.
  Time since last request: 0.001077 seconds.
  path: Assets/Scenes/SampleScene.unity
  artifactKey: Guid(9fc0d4010bbf28b4594072e72b8655ab) Importer(815301076,1909f56bfc062723c751e8b465ee728b)
Start importing Assets/Scenes/SampleScene.unity using Guid(9fc0d4010bbf28b4594072e72b8655ab) Importer(815301076,1909f56bfc062723c751e8b465ee728b)  -> (artifact id: '5b42b1c237a21ef91d582b7dc5e4564f') in 0.005541 seconds
  Import took 0.009956 seconds .

========================================================================
Received Import Request.
  Time since last request: 6.444212 seconds.
  path: Assets/ScriptableObjects/Terrain Data/Grass.asset
  artifactKey: Guid(ea1ae169cb87f2346b419d19be4cd436) Importer(815301076,1909f56bfc062723c751e8b465ee728b)
Start importing Assets/ScriptableObjects/Terrain Data/Grass.asset using Guid(ea1ae169cb87f2346b419d19be4cd436) Importer(815301076,1909f56bfc062723c751e8b465ee728b)  -> (artifact id: '349f26d51a3f2eb71f186fceff9ef29f') in 0.022559 seconds
  Import took 0.025651 seconds .

========================================================================
Received Import Request.
  Time since last request: 0.000309 seconds.
  path: Assets/ScriptableObjects/Terrain Data/Road.asset
  artifactKey: Guid(b95f2ca0067ed9840946942d3ea079b2) Importer(815301076,1909f56bfc062723c751e8b465ee728b)
Start importing Assets/ScriptableObjects/Terrain Data/Road.asset using Guid(b95f2ca0067ed9840946942d3ea079b2) Importer(815301076,1909f56bfc062723c751e8b465ee728b)  -> (artifact id: 'ccf71832dc13956ad7c2e4b4e67803b0') in 0.009913 seconds
  Import took 0.012580 seconds .

========================================================================
Received Import Request.
  Time since last request: 84.071643 seconds.
  path: Assets/Hop.anim
  artifactKey: Guid(79fb81558b8fc0443bf94e08c361f133) Importer(815301076,1909f56bfc062723c751e8b465ee728b)
Start importing Assets/Hop.anim using Guid(79fb81558b8fc0443bf94e08c361f133) Importer(815301076,1909f56bfc062723c751e8b465ee728b)  -> (artifact id: '692fe023d0085e153a3562e131549aae') in 0.011025 seconds
  Import took 0.013884 seconds .

========================================================================
Received Import Request.
  Time since last request: 0.002774 seconds.
  path: Assets/Hop.anim
  artifactKey: Guid(79fb81558b8fc0443bf94e08c361f133) Importer(815301076,1909f56bfc062723c751e8b465ee728b)
Start importing Assets/Hop.anim using Guid(79fb81558b8fc0443bf94e08c361f133) Importer(815301076,1909f56bfc062723c751e8b465ee728b)  -> (artifact id: '692fe023d0085e153a3562e131549aae') in 0.003790 seconds
  Import took 0.006184 seconds .

========================================================================
Received Import Request.
  Time since last request: 1.837333 seconds.
  path: Assets/Player.controller
  artifactKey: Guid(2435f66dc4edef245b59d01e8150a7b2) Importer(815301076,1909f56bfc062723c751e8b465ee728b)
Start importing Assets/Player.controller using Guid(2435f66dc4edef245b59d01e8150a7b2) Importer(815301076,1909f56bfc062723c751e8b465ee728b)  -> (artifact id: '18fdf191f223ba7924363325e89b9951') in 0.008567 seconds
  Import took 0.012844 seconds .

========================================================================
Received Import Request.
  Time since last request: 12.440524 seconds.
  path: Assets/Idle.anim
  artifactKey: Guid(b3dc16d2721ee924a80ef34f7c3d66f9) Importer(815301076,1909f56bfc062723c751e8b465ee728b)
Start importing Assets/Idle.anim using Guid(b3dc16d2721ee924a80ef34f7c3d66f9) Importer(815301076,1909f56bfc062723c751e8b465ee728b)  -> (artifact id: 'c438d9c3c86e663946a7a456d7de65bd') in 0.024516 seconds
  Import took 0.027538 seconds .

========================================================================
Received Prepare
Registering precompiled user dll's ...
Registered in 0.001204 seconds.
Begin MonoManager ReloadAssembly
Native extension for WindowsStandalone target not found
Refreshing native plugins compatible for Editor in 0.27 ms, found 0 plugins.
Preloading 0 native plugins for Editor in 0.00 ms.
Invoked RoslynAnalysisRunner static constructor.
RoslynAnalysisRunner will not be running.
RoslynAnalysisRunner has terminated.
Mono: successfully reloaded assembly
- Completed reload, in  0.912 seconds
Platform modules already initialized, skipping
Refreshing native plugins compatible for Editor in 0.29 ms, found 0 plugins.
Preloading 0 native plugins for Editor in 0.00 ms.
Unloading 1115 Unused Serialized files (Serialized files now loaded: 0)
System memory in use before: 60.4 MB.
System memory in use after: 60.5 MB.

Unloading 6 unused Assets to reduce memory usage. Loaded Objects now: 1575.
Total: 1.726800 ms (FindLiveObjects: 0.125600 ms CreateObjectMapping: 0.030200 ms MarkObjects: 1.448100 ms  DeleteObjects: 0.121800 ms)

========================================================================
Received Import Request.
  Time since last request: 237.373019 seconds.
  path: Assets/Prefabs/Gras.prefab
  artifactKey: Guid(bc3bb412d7b3c78478a799aeb221347f) Importer(815301076,1909f56bfc062723c751e8b465ee728b)
Start importing Assets/Prefabs/Gras.prefab using Guid(bc3bb412d7b3c78478a799aeb221347f) Importer(815301076,1909f56bfc062723c751e8b465ee728b)  -> (artifact id: 'db33998c3807dc53944aa34daa0283d2') in 0.079670 seconds
  Import took 0.095300 seconds .

========================================================================
Received Import Request.
  Time since last request: 3.467237 seconds.
  path: Assets/Prefabs/Gras.prefab
  artifactKey: Guid(bc3bb412d7b3c78478a799aeb221347f) Importer(815301076,1909f56bfc062723c751e8b465ee728b)
Start importing Assets/Prefabs/Gras.prefab using Guid(bc3bb412d7b3c78478a799aeb221347f) Importer(815301076,1909f56bfc062723c751e8b465ee728b)  -> (artifact id: '1a663bc30d5c92b2afc9c03a15bdd442') in 0.024572 seconds
  Import took 0.027361 seconds .

========================================================================
Received Import Request.
  Time since last request: 2.402559 seconds.
  path: Assets/Prefabs/Gras.prefab
  artifactKey: Guid(bc3bb412d7b3c78478a799aeb221347f) Importer(815301076,1909f56bfc062723c751e8b465ee728b)
Start importing Assets/Prefabs/Gras.prefab using Guid(bc3bb412d7b3c78478a799aeb221347f) Importer(815301076,1909f56bfc062723c751e8b465ee728b)  -> (artifact id: '9b280c1d1d43020dfb2c5bbebb2f748e') in 0.032218 seconds
  Import took 0.035834 seconds .

========================================================================
Received Prepare
Registering precompiled user dll's ...
Registered in 0.001257 seconds.
Begin MonoManager ReloadAssembly
Native extension for WindowsStandalone target not found
Refreshing native plugins compatible for Editor in 0.23 ms, found 0 plugins.
Preloading 0 native plugins for Editor in 0.00 ms.
Invoked RoslynAnalysisRunner static constructor.
RoslynAnalysisRunner will not be running.
RoslynAnalysisRunner has terminated.
Mono: successfully reloaded assembly
- Completed reload, in  0.959 seconds
Platform modules already initialized, skipping
Refreshing native plugins compatible for Editor in 0.22 ms, found 0 plugins.
Preloading 0 native plugins for Editor in 0.00 ms.
Unloading 1115 Unused Serialized files (Serialized files now loaded: 0)
System memory in use before: 60.5 MB.
System memory in use after: 60.5 MB.

Unloading 6 unused Assets to reduce memory usage. Loaded Objects now: 1579.
Total: 2.862200 ms (FindLiveObjects: 0.368400 ms CreateObjectMapping: 0.081500 ms MarkObjects: 2.303200 ms  DeleteObjects: 0.107500 ms)

========================================================================
Received Import Request.
  Time since last request: 352.823447 seconds.
  path: Assets/Model/lowpolytree.mtl
  artifactKey: Guid(b3b27d9c166af1b4db64a5c40eec1edb) Importer(815301076,1909f56bfc062723c751e8b465ee728b)
Start importing Assets/Model/lowpolytree.mtl using Guid(b3b27d9c166af1b4db64a5c40eec1edb) Importer(815301076,1909f56bfc062723c751e8b465ee728b)  -> (artifact id: '0f701d2245efa42df7b9657a341dc547') in 0.032943 seconds
  Import took 0.035503 seconds .

========================================================================
Received Prepare
Registering precompiled user dll's ...
Registered in 0.001279 seconds.
Begin MonoManager ReloadAssembly
Native extension for WindowsStandalone target not found
Refreshing native plugins compatible for Editor in 0.41 ms, found 0 plugins.
Preloading 0 native plugins for Editor in 0.00 ms.
Invoked RoslynAnalysisRunner static constructor.
RoslynAnalysisRunner will not be running.
RoslynAnalysisRunner has terminated.
Mono: successfully reloaded assembly
- Completed reload, in  1.097 seconds
Platform modules already initialized, skipping
Refreshing native plugins compatible for Editor in 0.27 ms, found 0 plugins.
Preloading 0 native plugins for Editor in 0.00 ms.
Unloading 1115 Unused Serialized files (Serialized files now loaded: 0)
System memory in use before: 60.5 MB.
System memory in use after: 60.6 MB.

Unloading 5 unused Assets to reduce memory usage. Loaded Objects now: 1582.
Total: 3.349700 ms (FindLiveObjects: 0.624300 ms CreateObjectMapping: 0.084800 ms MarkObjects: 2.499200 ms  DeleteObjects: 0.139300 ms)

========================================================================
Received Import Request.
  Time since last request: 2146.752738 seconds.
  path: Assets/Scripts/Player.cs
  artifactKey: Guid(765e6999b6bf2644380a60ee7a6cdd6f) Importer(815301076,1909f56bfc062723c751e8b465ee728b)
Start importing Assets/Scripts/Player.cs using Guid(765e6999b6bf2644380a60ee7a6cdd6f) Importer(815301076,1909f56bfc062723c751e8b465ee728b)  -> (artifact id: '0cf959ba49110e69b8239afca0d4cc7d') in 0.034195 seconds
  Import took 0.037968 seconds .

========================================================================
Received Prepare
Registering precompiled user dll's ...
Registered in 0.001794 seconds.
Begin MonoManager ReloadAssembly
Native extension for WindowsStandalone target not found
Refreshing native plugins compatible for Editor in 0.72 ms, found 0 plugins.
Preloading 0 native plugins for Editor in 0.00 ms.
Invoked RoslynAnalysisRunner static constructor.
RoslynAnalysisRunner will not be running.
RoslynAnalysisRunner has terminated.
Mono: successfully reloaded assembly
- Completed reload, in  2.891 seconds
Platform modules already initialized, skipping
Refreshing native plugins compatible for Editor in 0.34 ms, found 0 plugins.
Preloading 0 native plugins for Editor in 0.00 ms.
Unloading 1115 Unused Serialized files (Serialized files now loaded: 0)
System memory in use before: 60.5 MB.
System memory in use after: 60.6 MB.

Unloading 5 unused Assets to reduce memory usage. Loaded Objects now: 1585.
Total: 9.155700 ms (FindLiveObjects: 3.058400 ms CreateObjectMapping: 0.321000 ms MarkObjects: 5.608100 ms  DeleteObjects: 0.108600 ms)

========================================================================
Received Import Request.
  Time since last request: 393.018350 seconds.
  path: Assets/Scripts/TrashCollector.cs
  artifactKey: Guid(29626ae3411d72e46bf6f41c7c5d5014) Importer(815301076,1909f56bfc062723c751e8b465ee728b)
Start importing Assets/Scripts/TrashCollector.cs using Guid(29626ae3411d72e46bf6f41c7c5d5014) Importer(815301076,1909f56bfc062723c751e8b465ee728b)  -> (artifact id: '1b51705ec1aae64d1b4b0a18873d6a38') in 0.018764 seconds
  Import took 0.022659 seconds .

========================================================================
Received Prepare
Registering precompiled user dll's ...
Registered in 0.001296 seconds.
Begin MonoManager ReloadAssembly
Native extension for WindowsStandalone target not found
Refreshing native plugins compatible for Editor in 0.61 ms, found 0 plugins.
Preloading 0 native plugins for Editor in 0.00 ms.
Invoked RoslynAnalysisRunner static constructor.
RoslynAnalysisRunner will not be running.
RoslynAnalysisRunner has terminated.
Mono: successfully reloaded assembly
- Completed reload, in  1.174 seconds
Platform modules already initialized, skipping
Refreshing native plugins compatible for Editor in 0.23 ms, found 0 plugins.
Preloading 0 native plugins for Editor in 0.00 ms.
Unloading 1116 Unused Serialized files (Serialized files now loaded: 0)
System memory in use before: 60.5 MB.
System memory in use after: 60.6 MB.

Unloading 5 unused Assets to reduce memory usage. Loaded Objects now: 1589.
Total: 4.236400 ms (FindLiveObjects: 0.815800 ms CreateObjectMapping: 0.180500 ms MarkObjects: 3.135900 ms  DeleteObjects: 0.101500 ms)

========================================================================
Received Prepare
Registering precompiled user dll's ...
Registered in 0.000856 seconds.
Begin MonoManager ReloadAssembly
Native extension for WindowsStandalone target not found
Refreshing native plugins compatible for Editor in 0.39 ms, found 0 plugins.
Preloading 0 native plugins for Editor in 0.00 ms.
Invoked RoslynAnalysisRunner static constructor.
RoslynAnalysisRunner will not be running.
RoslynAnalysisRunner has terminated.
Mono: successfully reloaded assembly
- Completed reload, in  1.097 seconds
Platform modules already initialized, skipping
Refreshing native plugins compatible for Editor in 0.23 ms, found 0 plugins.
Preloading 0 native plugins for Editor in 0.00 ms.
Unloading 1116 Unused Serialized files (Serialized files now loaded: 0)
System memory in use before: 60.5 MB.
System memory in use after: 60.6 MB.

Unloading 5 unused Assets to reduce memory usage. Loaded Objects now: 1592.
Total: 5.235200 ms (FindLiveObjects: 0.531300 ms CreateObjectMapping: 0.252600 ms MarkObjects: 4.308300 ms  DeleteObjects: 0.138000 ms)

========================================================================
Received Import Request.
  Time since last request: 2248.238898 seconds.
  path: Assets/Scripts/TrashCollector.cs
  artifactKey: Guid(29626ae3411d72e46bf6f41c7c5d5014) Importer(815301076,1909f56bfc062723c751e8b465ee728b)
Start importing Assets/Scripts/TrashCollector.cs using Guid(29626ae3411d72e46bf6f41c7c5d5014) Importer(815301076,1909f56bfc062723c751e8b465ee728b)  -> (artifact id: '323d8761df5cdfb4b67ad37f41f27806') in 0.011542 seconds
  Import took 0.017913 seconds .

========================================================================
Received Import Request.
  Time since last request: 0.008923 seconds.
  path: Assets/Scripts/TrashCollector.cs
  artifactKey: Guid(29626ae3411d72e46bf6f41c7c5d5014) Importer(815301076,1909f56bfc062723c751e8b465ee728b)
Start importing Assets/Scripts/TrashCollector.cs using Guid(29626ae3411d72e46bf6f41c7c5d5014) Importer(815301076,1909f56bfc062723c751e8b465ee728b)  -> (artifact id: '323d8761df5cdfb4b67ad37f41f27806') in 0.009118 seconds
  Import took 0.014089 seconds .

========================================================================
Received Import Request.
  Time since last request: 546.009344 seconds.
  path: Assets/Scripts/TrashCollector.cs
  artifactKey: Guid(29626ae3411d72e46bf6f41c7c5d5014) Importer(815301076,1909f56bfc062723c751e8b465ee728b)
Start importing Assets/Scripts/TrashCollector.cs using Guid(29626ae3411d72e46bf6f41c7c5d5014) Importer(815301076,1909f56bfc062723c751e8b465ee728b)  -> (artifact id: '2366cfda65d34abf4e11fad29a877d99') in 0.005786 seconds
  Import took 0.011603 seconds .

========================================================================
Received Prepare
Registering precompiled user dll's ...
Registered in 0.000898 seconds.
Begin MonoManager ReloadAssembly
Native extension for WindowsStandalone target not found
Refreshing native plugins compatible for Editor in 0.41 ms, found 0 plugins.
Preloading 0 native plugins for Editor in 0.00 ms.
Invoked RoslynAnalysisRunner static constructor.
RoslynAnalysisRunner will not be running.
RoslynAnalysisRunner has terminated.
Mono: successfully reloaded assembly
- Completed reload, in  1.091 seconds
Platform modules already initialized, skipping
Refreshing native plugins compatible for Editor in 0.30 ms, found 0 plugins.
Preloading 0 native plugins for Editor in 0.00 ms.
Unloading 1116 Unused Serialized files (Serialized files now loaded: 0)
System memory in use before: 60.5 MB.
System memory in use after: 60.6 MB.

Unloading 5 unused Assets to reduce memory usage. Loaded Objects now: 1595.
Total: 3.438000 ms (FindLiveObjects: 0.343600 ms CreateObjectMapping: 0.135700 ms MarkObjects: 2.834600 ms  DeleteObjects: 0.122000 ms)

========================================================================
Received Import Request.
  Time since last request: 28.382730 seconds.
  path: Assets/Scripts/TrashCollector.cs
  artifactKey: Guid(29626ae3411d72e46bf6f41c7c5d5014) Importer(815301076,1909f56bfc062723c751e8b465ee728b)
Start importing Assets/Scripts/TrashCollector.cs using Guid(29626ae3411d72e46bf6f41c7c5d5014) Importer(815301076,1909f56bfc062723c751e8b465ee728b)  -> (artifact id: '6a2793e4a0255e9ed3dbf0adbed30ff0') in 0.007091 seconds
  Import took 0.010333 seconds .

========================================================================
Received Prepare
Registering precompiled user dll's ...
Registered in 0.001374 seconds.
Begin MonoManager ReloadAssembly
Native extension for WindowsStandalone target not found
Refreshing native plugins compatible for Editor in 0.54 ms, found 0 plugins.
Preloading 0 native plugins for Editor in 0.00 ms.
Invoked RoslynAnalysisRunner static constructor.
RoslynAnalysisRunner will not be running.
RoslynAnalysisRunner has terminated.
Mono: successfully reloaded assembly
- Completed reload, in  1.099 seconds
Platform modules already initialized, skipping
Refreshing native plugins compatible for Editor in 0.41 ms, found 0 plugins.
Preloading 0 native plugins for Editor in 0.00 ms.
Unloading 1116 Unused Serialized files (Serialized files now loaded: 0)
System memory in use before: 60.5 MB.
System memory in use after: 60.6 MB.

Unloading 5 unused Assets to reduce memory usage. Loaded Objects now: 1598.
Total: 1.903100 ms (FindLiveObjects: 0.156200 ms CreateObjectMapping: 0.043000 ms MarkObjects: 1.579600 ms  DeleteObjects: 0.122500 ms)

========================================================================
Received Import Request.
  Time since last request: 185.978914 seconds.
  path: Assets/Scripts/Player.cs
  artifactKey: Guid(765e6999b6bf2644380a60ee7a6cdd6f) Importer(815301076,1909f56bfc062723c751e8b465ee728b)
Start importing Assets/Scripts/Player.cs using Guid(765e6999b6bf2644380a60ee7a6cdd6f) Importer(815301076,1909f56bfc062723c751e8b465ee728b)  -> (artifact id: 'e592ddcd9141f0d8736571fc9f483c84') in 0.008025 seconds
  Import took 0.011622 seconds .

========================================================================
Received Prepare
Registering precompiled user dll's ...
Registered in 0.000909 seconds.
Begin MonoManager ReloadAssembly
Native extension for WindowsStandalone target not found
Refreshing native plugins compatible for Editor in 0.29 ms, found 0 plugins.
Preloading 0 native plugins for Editor in 0.00 ms.
Invoked RoslynAnalysisRunner static constructor.
RoslynAnalysisRunner will not be running.
RoslynAnalysisRunner has terminated.
Mono: successfully reloaded assembly
- Completed reload, in  1.123 seconds
Platform modules already initialized, skipping
Refreshing native plugins compatible for Editor in 0.32 ms, found 0 plugins.
Preloading 0 native plugins for Editor in 0.00 ms.
Unloading 1116 Unused Serialized files (Serialized files now loaded: 0)
System memory in use before: 60.5 MB.
System memory in use after: 60.6 MB.

Unloading 5 unused Assets to reduce memory usage. Loaded Objects now: 1601.
Total: 4.930100 ms (FindLiveObjects: 0.840400 ms CreateObjectMapping: 0.259100 ms MarkObjects: 3.731900 ms  DeleteObjects: 0.094600 ms)

========================================================================
Received Prepare
Registering precompiled user dll's ...
Registered in 0.000845 seconds.
Begin MonoManager ReloadAssembly
Native extension for WindowsStandalone target not found
Refreshing native plugins compatible for Editor in 0.44 ms, found 0 plugins.
Preloading 0 native plugins for Editor in 0.00 ms.
Invoked RoslynAnalysisRunner static constructor.
RoslynAnalysisRunner will not be running.
RoslynAnalysisRunner has terminated.
Mono: successfully reloaded assembly
- Completed reload, in  1.095 seconds
Platform modules already initialized, skipping
Refreshing native plugins compatible for Editor in 0.29 ms, found 0 plugins.
Preloading 0 native plugins for Editor in 0.00 ms.
Unloading 1116 Unused Serialized files (Serialized files now loaded: 0)
System memory in use before: 60.6 MB.
System memory in use after: 60.6 MB.

Unloading 5 unused Assets to reduce memory usage. Loaded Objects now: 1604.
Total: 2.772800 ms (FindLiveObjects: 0.311000 ms CreateObjectMapping: 0.096400 ms MarkObjects: 2.266900 ms  DeleteObjects: 0.096100 ms)

========================================================================
Received Import Request.
  Time since last request: 454.913247 seconds.
  path: Assets/Model/Laubbaum_2.obj
  artifactKey: Guid(f18f80238979e93439135176bd64807b) Importer(815301076,1909f56bfc062723c751e8b465ee728b)
Start importing Assets/Model/Laubbaum_2.obj using Guid(f18f80238979e93439135176bd64807b) Importer(815301076,1909f56bfc062723c751e8b465ee728b)  -> (artifact id: 'fa39283124f08e6aa4f8d8fc9c1f00a9') in 0.202229 seconds
  Import took 0.206514 seconds .

========================================================================
Received Import Request.
  Time since last request: 13.767237 seconds.
  path: Assets/Model/Laubbaum_2.png
  artifactKey: Guid(afb63bf1297d8bf45a71939a7c63b7aa) Importer(815301076,1909f56bfc062723c751e8b465ee728b)
Start importing Assets/Model/Laubbaum_2.png using Guid(afb63bf1297d8bf45a71939a7c63b7aa) Importer(815301076,1909f56bfc062723c751e8b465ee728b)  -> (artifact id: 'c4dbd046027de9fe9072eff6ea1d8bef') in 0.043431 seconds
  Import took 0.047771 seconds .

========================================================================
Received Import Request.
  Time since last request: 0.002606 seconds.
  path: Assets/Model/Laubbaum_2.png
  artifactKey: Guid(afb63bf1297d8bf45a71939a7c63b7aa) Importer(815301076,1909f56bfc062723c751e8b465ee728b)
Start importing Assets/Model/Laubbaum_2.png using Guid(afb63bf1297d8bf45a71939a7c63b7aa) Importer(815301076,1909f56bfc062723c751e8b465ee728b)  -> (artifact id: 'c4dbd046027de9fe9072eff6ea1d8bef') in 0.014224 seconds
  Import took 0.017463 seconds .

========================================================================
Received Import Request.
  Time since last request: 142.602330 seconds.
  path: Assets/Model/Laubbaum_2.obj
  artifactKey: Guid(f18f80238979e93439135176bd64807b) Importer(815301076,1909f56bfc062723c751e8b465ee728b)
Start importing Assets/Model/Laubbaum_2.obj using Guid(f18f80238979e93439135176bd64807b) Importer(815301076,1909f56bfc062723c751e8b465ee728b)  -> (artifact id: 'fd69828268f6c5314ce02661d4e95bc7') in 0.059858 seconds
  Import took 0.062854 seconds .

========================================================================
Received Import Request.
  Time since last request: 94.516716 seconds.
  path: Assets/Model/Laubbaum.obj
  artifactKey: Guid(15407c73edcb71c479d27ba52a44e1a0) Importer(815301076,1909f56bfc062723c751e8b465ee728b)
Start importing Assets/Model/Laubbaum.obj using Guid(15407c73edcb71c479d27ba52a44e1a0) Importer(815301076,1909f56bfc062723c751e8b465ee728b)  -> (artifact id: '45980d2fb5514d6ca9d7e47d76beb365') in 0.067611 seconds
  Import took 0.071572 seconds .

========================================================================
Received Import Request.
  Time since last request: 14.450170 seconds.
  path: Assets/Model/Laubbaum.obj
  artifactKey: Guid(15407c73edcb71c479d27ba52a44e1a0) Importer(815301076,1909f56bfc062723c751e8b465ee728b)
Start importing Assets/Model/Laubbaum.obj using Guid(15407c73edcb71c479d27ba52a44e1a0) Importer(815301076,1909f56bfc062723c751e8b465ee728b)  -> (artifact id: 'e8165f56a0556b52842c0d197232169f') in 0.054104 seconds
  Import took 0.057053 seconds .

========================================================================
Received Import Request.
  Time since last request: 11.431304 seconds.
  path: Assets/Model/Laubbaum.obj
  artifactKey: Guid(15407c73edcb71c479d27ba52a44e1a0) Importer(815301076,1909f56bfc062723c751e8b465ee728b)
Start importing Assets/Model/Laubbaum.obj using Guid(15407c73edcb71c479d27ba52a44e1a0) Importer(815301076,1909f56bfc062723c751e8b465ee728b)  -> (artifact id: 'df72d7d8d7057bda60b981593b952109') in 0.047457 seconds
  Import took 0.051212 seconds .

AssetImportWorkerClient::OnTransportError - code=2 error=End of file
